<?xml version="1.0" encoding="UTF-8"?>
<!-- Generated by org.testng.reporters.JUnitXMLReporter -->
<testsuite ignored="0" hostname="Koushik" failures="0" tests="5" name="Test1" time="20.253" errors="0" timestamp="2025-09-01T20:29:01 IST">
  <testcase classname="testpackage.saucelabLogin" name="sauseloginTest" time="3.158"/>
  <testcase classname="testpackage.saucelabLogin" name="sauseloginTest" time="2.184"/>
  <testcase classname="testpackage.saucelabLogin" name="sauseloginTest" time="7.215"/>
  <testcase classname="testpackage.saucelabLogin" name="sauseloginTest" time="2.051"/>
  <testcase classname="testpackage.saucelabLogin" name="sauseloginTest" time="1.832"/>
</testsuite> <!-- Test1 -->
