<?xml version="1.0" encoding="UTF-8"?>
<testsuite xmlns:xsi="http://www.w3.org/2001/XMLSchema-instance" xsi:noNamespaceSchemaLocation="https://maven.apache.org/surefire/maven-surefire-plugin/xsd/surefire-test-report.xsd" version="3.0.2" name="TestSuite" time="20.934" tests="5" errors="0" skipped="0" failures="0">
  <properties>
[...]
</properties>
  <testcase name="runScenario[&quot;To Check loginwith diffrent user&quot;, &quot;To check login frucntionality&quot;](1)" classname="stepdefinationloginclass.testrunnerlogin" time="4.818">
    <system-out><![CDATA[
Scenario Outline: To Check loginwith diffrent user        # file:///C:/Users/koush/eclipse-workspace/pageObjectModel/src/test/java/featureclass/loginclass.feature:11
  ✔ Given user is on login page                           # stepdefinationloginclass.stepdefinationlogn.user_is_on_login_page()
Swag Labs
  ✔ When user enters standard_user and secret_sauce       # stepdefinationloginclass.stepdefinationlogn.user_enters_username_and_password(java.lang.String,java.lang.String)
  ✔ And click on login button                             # stepdefinationloginclass.stepdefinationlogn.click_on_login_button()
Successfully login
  ✔ Then "Successfully login" dashboard page shold disply # stepdefinationloginclass.stepdefinationlogn.dashboard_page_shold_disply(java.lang.String)
]]></system-out>
    <system-err><![CDATA[SLF4J: Failed to load class "org.slf4j.impl.StaticLoggerBinder".
SLF4J: Defaulting to no-operation (NOP) logger implementation
SLF4J: See http://www.slf4j.org/codes.html#StaticLoggerBinder for further details.
Sep 02, 2025 5:58:13 PM org.openqa.selenium.devtools.CdpVersionFinder findNearestMatch
WARNING: Unable to find CDP implementation matching 138
Sep 02, 2025 5:58:13 PM org.openqa.selenium.chromium.ChromiumDriver lambda$new$5
WARNING: Unable to find version of CDP to use for 138.0.7204.50. You may need to include a dependency on a specific version of the CDP using something similar to `org.seleniumhq.selenium:selenium-devtools-v86:4.22.0` where the version ("v86") matches the version of the chromium-based browser you're using and the version number of the artifact is the same as Selenium's.
]]></system-err>
  </testcase>
  <testcase name="runScenario[&quot;To Check loginwith diffrent user&quot;, &quot;To check login frucntionality&quot;](2)" classname="stepdefinationloginclass.testrunnerlogin" time="2.809">
    <system-out><![CDATA[
Scenario Outline: To Check loginwith diffrent user        # file:///C:/Users/koush/eclipse-workspace/pageObjectModel/src/test/java/featureclass/loginclass.feature:12
  ✔ Given user is on login page                           # stepdefinationloginclass.stepdefinationlogn.user_is_on_login_page()
Swag Labs
  ✔ When user enters locked_out_user and secret_sauce     # stepdefinationloginclass.stepdefinationlogn.user_enters_username_and_password(java.lang.String,java.lang.String)
  ✔ And click on login button                             # stepdefinationloginclass.stepdefinationlogn.click_on_login_button()
Successfully login
  ✔ Then "Successfully login" dashboard page shold disply # stepdefinationloginclass.stepdefinationlogn.dashboard_page_shold_disply(java.lang.String)
]]></system-out>
    <system-err><![CDATA[Sep 02, 2025 5:58:16 PM org.openqa.selenium.devtools.CdpVersionFinder findNearestMatch
WARNING: Unable to find CDP implementation matching 138
Sep 02, 2025 5:58:16 PM org.openqa.selenium.chromium.ChromiumDriver lambda$new$5
WARNING: Unable to find version of CDP to use for 138.0.7204.50. You may need to include a dependency on a specific version of the CDP using something similar to `org.seleniumhq.selenium:selenium-devtools-v86:4.22.0` where the version ("v86") matches the version of the chromium-based browser you're using and the version number of the artifact is the same as Selenium's.
]]></system-err>
  </testcase>
  <testcase name="runScenario[&quot;To Check loginwith diffrent user&quot;, &quot;To check login frucntionality&quot;](3)" classname="stepdefinationloginclass.testrunnerlogin" time="2.105">
    <system-out><![CDATA[
Scenario Outline: To Check loginwith diffrent user        # file:///C:/Users/koush/eclipse-workspace/pageObjectModel/src/test/java/featureclass/loginclass.feature:13
  ✔ Given user is on login page                           # stepdefinationloginclass.stepdefinationlogn.user_is_on_login_page()
Swag Labs
  ✔ When user enters problem_user and secret_sauce        # stepdefinationloginclass.stepdefinationlogn.user_enters_username_and_password(java.lang.String,java.lang.String)
  ✔ And click on login button                             # stepdefinationloginclass.stepdefinationlogn.click_on_login_button()
Successfully login
  ✔ Then "Successfully login" dashboard page shold disply # stepdefinationloginclass.stepdefinationlogn.dashboard_page_shold_disply(java.lang.String)
]]></system-out>
    <system-err><![CDATA[Sep 02, 2025 5:58:18 PM org.openqa.selenium.devtools.CdpVersionFinder findNearestMatch
WARNING: Unable to find CDP implementation matching 138
Sep 02, 2025 5:58:18 PM org.openqa.selenium.chromium.ChromiumDriver lambda$new$5
WARNING: Unable to find version of CDP to use for 138.0.7204.50. You may need to include a dependency on a specific version of the CDP using something similar to `org.seleniumhq.selenium:selenium-devtools-v86:4.22.0` where the version ("v86") matches the version of the chromium-based browser you're using and the version number of the artifact is the same as Selenium's.
]]></system-err>
  </testcase>
  <testcase name="runScenario[&quot;To Check loginwith diffrent user&quot;, &quot;To check login frucntionality&quot;](4)" classname="stepdefinationloginclass.testrunnerlogin" time="7.099">
    <system-out><![CDATA[
Scenario Outline: To Check loginwith diffrent user            # file:///C:/Users/koush/eclipse-workspace/pageObjectModel/src/test/java/featureclass/loginclass.feature:14
  ✔ Given user is on login page                               # stepdefinationloginclass.stepdefinationlogn.user_is_on_login_page()
Swag Labs
  ✔ When user enters performance_glitch_user and secret_sauce # stepdefinationloginclass.stepdefinationlogn.user_enters_username_and_password(java.lang.String,java.lang.String)
  ✔ And click on login button                                 # stepdefinationloginclass.stepdefinationlogn.click_on_login_button()
Successfully login
  ✔ Then "Successfully login" dashboard page shold disply     # stepdefinationloginclass.stepdefinationlogn.dashboard_page_shold_disply(java.lang.String)
]]></system-out>
    <system-err><![CDATA[Sep 02, 2025 5:58:20 PM org.openqa.selenium.devtools.CdpVersionFinder findNearestMatch
WARNING: Unable to find CDP implementation matching 138
Sep 02, 2025 5:58:20 PM org.openqa.selenium.chromium.ChromiumDriver lambda$new$5
WARNING: Unable to find version of CDP to use for 138.0.7204.50. You may need to include a dependency on a specific version of the CDP using something similar to `org.seleniumhq.selenium:selenium-devtools-v86:4.22.0` where the version ("v86") matches the version of the chromium-based browser you're using and the version number of the artifact is the same as Selenium's.
]]></system-err>
  </testcase>
  <testcase name="runScenario[&quot;To Check loginwith diffrent user&quot;, &quot;To check login frucntionality&quot;](5)" classname="stepdefinationloginclass.testrunnerlogin" time="2.012">
    <system-out><![CDATA[
Scenario Outline: To Check loginwith diffrent user        # file:///C:/Users/koush/eclipse-workspace/pageObjectModel/src/test/java/featureclass/loginclass.feature:15
  ✔ Given user is on login page                           # stepdefinationloginclass.stepdefinationlogn.user_is_on_login_page()
Swag Labs
  ✔ When user enters error_user and secret_sauce          # stepdefinationloginclass.stepdefinationlogn.user_enters_username_and_password(java.lang.String,java.lang.String)
  ✔ And click on login button                             # stepdefinationloginclass.stepdefinationlogn.click_on_login_button()
Successfully login
  ✔ Then "Successfully login" dashboard page shold disply # stepdefinationloginclass.stepdefinationlogn.dashboard_page_shold_disply(java.lang.String)
]]></system-out>
    <system-err><![CDATA[Sep 02, 2025 5:58:27 PM org.openqa.selenium.devtools.CdpVersionFinder findNearestMatch
WARNING: Unable to find CDP implementation matching 138
Sep 02, 2025 5:58:27 PM org.openqa.selenium.chromium.ChromiumDriver lambda$new$5
WARNING: Unable to find version of CDP to use for 138.0.7204.50. You may need to include a dependency on a specific version of the CDP using something similar to `org.seleniumhq.selenium:selenium-devtools-v86:4.22.0` where the version ("v86") matches the version of the chromium-based browser you're using and the version number of the artifact is the same as Selenium's.
]]></system-err>
  </testcase>
</testsuite>