<?xml version="1.0" encoding="UTF-8"?>
<testng-results ignored="0" total="5" passed="5" failed="0" skipped="0">
  <reporter-output>
  </reporter-output>
  <suite started-at="2025-09-03T00:01:12 IST" name="Suite" finished-at="2025-09-03T00:01:28 IST" duration-ms="15765">
    <groups>
      <group name="cucumber">
        <method signature="AbstractTestNGCucumberTests.runScenario(io.cucumber.testng.PickleWrapper,io.cucumber.testng.FeatureWrapper)[pri:0, instance:stepdefinationloginclass.testrunnerlogin@55183b20]" name="runScenario" class="io.cucumber.testng.AbstractTestNGCucumberTests"/>
      </group> <!-- cucumber -->
    </groups>
    <test started-at="2025-09-03T00:01:12 IST" name="Test" finished-at="2025-09-03T00:01:28 IST" duration-ms="15765">
      <class name="stepdefinationloginclass.testrunnerlogin">
        <test-method is-config="true" signature="setUpClass(org.testng.ITestContext)[pri:0, instance:stepdefinationloginclass.testrunnerlogin@55183b20]" started-at="2025-09-03T00:01:12 IST" name="setUpClass" finished-at="2025-09-03T00:01:13 IST" duration-ms="575" status="PASS">
          <params>
            <param index="0">
              <value>
                <![CDATA[org.testng.TestRunner@48d293ee]]>
              </value>
            </param>
          </params>
          <reporter-output>
          </reporter-output>
        </test-method> <!-- setUpClass -->
        <test-method signature="runScenario(io.cucumber.testng.PickleWrapper,io.cucumber.testng.FeatureWrapper)[pri:0, instance:stepdefinationloginclass.testrunnerlogin@55183b20]" started-at="2025-09-03T00:01:13 IST" name="runScenario" description="Runs Cucumber Scenarios" data-provider="scenarios" finished-at="2025-09-03T00:01:16 IST" duration-ms="2866" status="PASS">
          <params>
            <param index="0">
              <value>
                <![CDATA["To Check loginwith diffrent user"]]>
              </value>
            </param>
            <param index="1">
              <value>
                <![CDATA["To check login frucntionality"]]>
              </value>
            </param>
          </params>
          <reporter-output>
          </reporter-output>
        </test-method> <!-- runScenario -->
        <test-method signature="runScenario(io.cucumber.testng.PickleWrapper,io.cucumber.testng.FeatureWrapper)[pri:0, instance:stepdefinationloginclass.testrunnerlogin@55183b20]" started-at="2025-09-03T00:01:16 IST" name="runScenario" description="Runs Cucumber Scenarios" data-provider="scenarios" finished-at="2025-09-03T00:01:17 IST" duration-ms="1833" status="PASS">
          <params>
            <param index="0">
              <value>
                <![CDATA["To Check loginwith diffrent user"]]>
              </value>
            </param>
            <param index="1">
              <value>
                <![CDATA["To check login frucntionality"]]>
              </value>
            </param>
          </params>
          <reporter-output>
          </reporter-output>
        </test-method> <!-- runScenario -->
        <test-method signature="runScenario(io.cucumber.testng.PickleWrapper,io.cucumber.testng.FeatureWrapper)[pri:0, instance:stepdefinationloginclass.testrunnerlogin@55183b20]" started-at="2025-09-03T00:01:17 IST" name="runScenario" description="Runs Cucumber Scenarios" data-provider="scenarios" finished-at="2025-09-03T00:01:19 IST" duration-ms="1887" status="PASS">
          <params>
            <param index="0">
              <value>
                <![CDATA["To Check loginwith diffrent user"]]>
              </value>
            </param>
            <param index="1">
              <value>
                <![CDATA["To check login frucntionality"]]>
              </value>
            </param>
          </params>
          <reporter-output>
          </reporter-output>
        </test-method> <!-- runScenario -->
        <test-method signature="runScenario(io.cucumber.testng.PickleWrapper,io.cucumber.testng.FeatureWrapper)[pri:0, instance:stepdefinationloginclass.testrunnerlogin@55183b20]" started-at="2025-09-03T00:01:19 IST" name="runScenario" description="Runs Cucumber Scenarios" data-provider="scenarios" finished-at="2025-09-03T00:01:26 IST" duration-ms="6763" status="PASS">
          <params>
            <param index="0">
              <value>
                <![CDATA["To Check loginwith diffrent user"]]>
              </value>
            </param>
            <param index="1">
              <value>
                <![CDATA["To check login frucntionality"]]>
              </value>
            </param>
          </params>
          <reporter-output>
          </reporter-output>
        </test-method> <!-- runScenario -->
        <test-method signature="runScenario(io.cucumber.testng.PickleWrapper,io.cucumber.testng.FeatureWrapper)[pri:0, instance:stepdefinationloginclass.testrunnerlogin@55183b20]" started-at="2025-09-03T00:01:26 IST" name="runScenario" description="Runs Cucumber Scenarios" data-provider="scenarios" finished-at="2025-09-03T00:01:28 IST" duration-ms="1765" status="PASS">
          <params>
            <param index="0">
              <value>
                <![CDATA["To Check loginwith diffrent user"]]>
              </value>
            </param>
            <param index="1">
              <value>
                <![CDATA["To check login frucntionality"]]>
              </value>
            </param>
          </params>
          <reporter-output>
          </reporter-output>
        </test-method> <!-- runScenario -->
        <test-method is-config="true" signature="tearDownClass()[pri:0, instance:stepdefinationloginclass.testrunnerlogin@55183b20]" started-at="2025-09-03T00:01:28 IST" name="tearDownClass" finished-at="2025-09-03T00:01:28 IST" duration-ms="33" status="PASS">
          <reporter-output>
          </reporter-output>
        </test-method> <!-- tearDownClass -->
      </class> <!-- stepdefinationloginclass.testrunnerlogin -->
    </test> <!-- Test -->
  </suite> <!-- Suite -->
</testng-results>
